<?xml version="1.0" encoding="UTF-8"?>
<!-- Generated by org.testng.reporters.JUnitReportReporter -->
<testsuite hostname="DESKTOP-QRB56CU" name="paramsANDauthentications.QueryParam" tests="1" failures="0" timestamp="12 Feb 2024 05:45:15 GMT" time="1.885" errors="0">
  <testcase name="queryParameter" time="1.885" classname="paramsANDauthentications.QueryParam"/>
</testsuite> <!-- paramsANDauthentications.QueryParam -->
