<?xml version="1.0" encoding="UTF-8"?>
<!-- Generated by org.testng.reporters.JUnitReportReporter -->
<testsuite hostname="DESKTOP-QRB56CU" name="restAssredTests.GetAndPostExample" tests="1" failures="0" timestamp="17 Nov 2022 18:45:12 GMT" time="2.026" errors="0">
  <testcase name="jsonObjectExample" time="2.026" classname="restAssredTests.GetAndPostExample"/>
</testsuite> <!-- restAssredTests.GetAndPostExample -->
