<?xml version="1.0" encoding="UTF-8"?>
<!-- Generated by org.testng.reporters.JUnitReportReporter -->
<testsuite hostname="DESKTOP-QRB56CU" name="paramsANDauthentications.Basic_Digest_OAuth2_BearerToken" tests="3" failures="0" timestamp="12 Feb 2024 05:58:31 GMT" time="2.593" errors="0">
  <testcase name="basic_auth_premptive" time="0.284" classname="paramsANDauthentications.Basic_Digest_OAuth2_BearerToken"/>
  <testcase name="basic_auth" time="1.916" classname="paramsANDauthentications.Basic_Digest_OAuth2_BearerToken"/>
  <testcase name="digest_auth" time="0.393" classname="paramsANDauthentications.Basic_Digest_OAuth2_BearerToken"/>
</testsuite> <!-- paramsANDauthentications.Basic_Digest_OAuth2_BearerToken -->
