<?xml version="1.0" encoding="UTF-8"?>
<!-- Generated by org.testng.reporters.JUnitReportReporter -->
<testsuite hostname="DESKTOP-QRB56CU" name="restAssred_reqres_Tests.PutPatchDeleteExample" tests="3" failures="0" timestamp="22 Dec 2022 20:55:48 GMT" time="3.648" errors="0">
  <testcase name="PUTexample" time="0.433" classname="restAssred_reqres_Tests.PutPatchDeleteExample"/>
  <testcase name="PATCHexample" time="0.922" classname="restAssred_reqres_Tests.PutPatchDeleteExample"/>
  <testcase name="DELETEexample" time="2.293" classname="restAssred_reqres_Tests.PutPatchDeleteExample"/>
</testsuite> <!-- restAssred_reqres_Tests.PutPatchDeleteExample -->
