<?xml version="1.0" encoding="UTF-8"?>
<!-- Generated by org.testng.reporters.JUnitReportReporter -->
<testsuite hostname="DESKTOP-QRB56CU" name="restAssredTests.PutPatchDeleteExample" tests="3" failures="0" timestamp="17 Nov 2022 22:15:38 GMT" time="4.020" errors="0">
  <testcase name="PUTexample" time="0.600" classname="restAssredTests.PutPatchDeleteExample"/>
  <testcase name="PATCHexample" time="0.911" classname="restAssredTests.PutPatchDeleteExample"/>
  <testcase name="DELETEexample" time="2.509" classname="restAssredTests.PutPatchDeleteExample"/>
</testsuite> <!-- restAssredTests.PutPatchDeleteExample -->
