<?xml version="1.0" encoding="UTF-8"?>
<!-- Generated by org.testng.reporters.JUnitReportReporter -->
<testsuite hostname="DESKTOP-QRB56CU" name="swaggerNewPet.PostNewPet" tests="2" failures="0" timestamp="4 Jun 2023 15:32:41 GMT" time="4.947" errors="0">
  <testcase name="testNewPet" time="3.995" classname="swaggerNewPet.PostNewPet"/>
  <testcase name="getDeserialization" time="0.952" classname="swaggerNewPet.PostNewPet"/>
</testsuite> <!-- swaggerNewPet.PostNewPet -->
