<?xml version="1.0" encoding="UTF-8"?>
<!-- Generated by org.testng.reporters.JUnitReportReporter -->
<testsuite hostname="DESKTOP-QRB56CU" name="restAssred_reqres_Tests.GetMethod" tests="1" failures="0" timestamp="16 Jan 2023 19:39:37 GMT" time="2.952" errors="0">
  <testcase name="getMethodTest" time="2.952" classname="restAssred_reqres_Tests.GetMethod"/>
</testsuite> <!-- restAssred_reqres_Tests.GetMethod -->
