<?xml version="1.0" encoding="UTF-8"?>
<!-- Generated by org.testng.reporters.JUnitReportReporter -->
<testsuite hostname="DESKTOP-QRB56CU" name="restAssredTests.TestExample" tests="2" failures="0" timestamp="17 Nov 2022 17:35:29 GMT" time="2.606" errors="0">
  <testcase name="test2" time="0.901" classname="restAssredTests.TestExample"/>
  <testcase name="test1" time="1.705" classname="restAssredTests.TestExample"/>
</testsuite> <!-- restAssredTests.TestExample -->
