<?xml version="1.0" encoding="UTF-8"?>
<!-- Generated by org.testng.reporters.JUnitReportReporter -->
<testsuite hostname="DESKTOP-QRB56CU" name="validations.Validation1" tests="1" failures="0" timestamp="7 Mar 2024 18:42:50 GMT" time="1.759" errors="0">
  <testcase name="reqresUsers" time="1.759" classname="validations.Validation1"/>
</testsuite> <!-- validations.Validation1 -->
