<?xml version="1.0" encoding="UTF-8"?>
<!-- Generated by org.testng.reporters.JUnitReportReporter -->
<testsuite hostname="DESKTOP-QRB56CU" name="paramsANDauthentications.Param" tests="3" failures="0" timestamp="12 Feb 2024 17:35:10 GMT" time="3.734" errors="0">
  <testcase name="pathParameter" time="0.877" classname="paramsANDauthentications.Param"/>
  <testcase name="queryParameter" time="2.309" classname="paramsANDauthentications.Param"/>
  <testcase name="parameters" time="0.548" classname="paramsANDauthentications.Param"/>
</testsuite> <!-- paramsANDauthentications.Param -->
