<?xml version="1.0" encoding="UTF-8"?>
<!-- Generated by org.testng.reporters.JUnitReportReporter -->
<testsuite hostname="DESKTOP-QRB56CU" name="postAPIswagger.PostRegular" tests="1" failures="0" timestamp="19 Jan 2023 01:24:13 GMT" time="7.689" errors="0">
  <testcase name="regularApproach" time="7.689" classname="postAPIswagger.PostRegular"/>
</testsuite> <!-- postAPIswagger.PostRegular -->
