<?xml version="1.0" encoding="UTF-8"?>
<!-- Generated by org.testng.reporters.JUnitReportReporter -->
<testsuite hostname="DESKTOP-QRB56CU" name="postAPIswagger.PostNewPetTEST" tests="1" failures="0" timestamp="3 Jun 2023 00:13:49 GMT" time="3.071" errors="0">
  <testcase name="postNewPet" time="3.071" classname="postAPIswagger.PostNewPetTEST"/>
</testsuite> <!-- postAPIswagger.PostNewPetTEST -->
