<?xml version="1.0" encoding="UTF-8"?>
<!-- Generated by org.testng.reporters.JUnitReportReporter -->
<testsuite hostname="DESKTOP-QRB56CU" name="authentication.DigestAuth" tests="1" failures="0" timestamp="12 Feb 2024 03:52:36 GMT" time="2.252" errors="0">
  <testcase name="digest_auth" time="2.252" classname="authentication.DigestAuth"/>
</testsuite> <!-- authentication.DigestAuth -->
