<?xml version="1.0" encoding="UTF-8"?>
<!-- Generated by org.testng.reporters.JUnitReportReporter -->
<testsuite hostname="DESKTOP-QRB56CU" name="restAssred_reqres_Tests.Post_userLinst_reqres" tests="8" failures="0" timestamp="16 Jan 2023 22:15:42 GMT" time="0.033" errors="0">
  <testcase name="getEncoding_type" time="0.001" classname="restAssred_reqres_Tests.Post_userLinst_reqres"/>
  <testcase name="getContent_length" time="0.001" classname="restAssred_reqres_Tests.Post_userLinst_reqres"/>
  <testcase name="getServer_type" time="0.000" classname="restAssred_reqres_Tests.Post_userLinst_reqres"/>
  <testcase name="getBody_string" time="0.029" classname="restAssred_reqres_Tests.Post_userLinst_reqres"/>
  <testcase name="getContentType" time="0.001" classname="restAssred_reqres_Tests.Post_userLinst_reqres"/>
  <testcase name="getResponstime" time="0.001" classname="restAssred_reqres_Tests.Post_userLinst_reqres"/>
  <testcase name="getStatus_code" time="0.000" classname="restAssred_reqres_Tests.Post_userLinst_reqres"/>
  <testcase name="getStatus" time="0.000" classname="restAssred_reqres_Tests.Post_userLinst_reqres"/>
</testsuite> <!-- restAssred_reqres_Tests.Post_userLinst_reqres -->
