<?xml version="1.0" encoding="UTF-8"?>
<!-- Generated by org.testng.reporters.JUnitReportReporter -->
<testsuite hostname="DESKTOP-QRB56CU" name="restAssred_reqres_Tests.GetExample" tests="1" failures="0" timestamp="22 Dec 2022 20:53:49 GMT" time="2.557" errors="0">
  <testcase name="validate_post_Method" time="2.557" classname="restAssred_reqres_Tests.GetExample"/>
</testsuite> <!-- restAssred_reqres_Tests.GetExample -->
