<?xml version="1.0" encoding="UTF-8"?>
<!-- Generated by org.testng.reporters.JUnitReportReporter -->
<testsuite hostname="DESKTOP-QRB56CU" name="swaggerNewPet.PostNewPet" tests="2" failures="0" timestamp="18 Jan 2023 01:21:52 GMT" time="2.987" errors="0">
  <testcase name="getDeserialization" time="0.424" classname="swaggerNewPet.PostNewPet"/>
  <testcase name="testNewPet" time="2.563" classname="swaggerNewPet.PostNewPet"/>
</testsuite> <!-- swaggerNewPet.PostNewPet -->
