<?xml version="1.0" encoding="UTF-8"?>
<!-- Generated by org.testng.reporters.JUnitReportReporter -->
<testsuite hostname="DESKTOP-QRB56CU" name="postAPIswagger.PostNewPetWithJasonObject" tests="1" failures="0" timestamp="10 Feb 2024 19:09:01 GMT" time="3.114" errors="0">
  <testcase name="putValuesWithJsonObject" time="3.114" classname="postAPIswagger.PostNewPetWithJasonObject"/>
</testsuite> <!-- postAPIswagger.PostNewPetWithJasonObject -->
