<?xml version="1.0" encoding="UTF-8"?>
<!-- Generated by org.testng.reporters.JUnitReportReporter -->
<testsuite hostname="DESKTOP-QRB56CU" name="restAssred_reqres_Tests.Test_Get_userList" tests="8" failures="0" timestamp="8 Feb 2024 15:44:21 GMT" time="0.726" errors="0">
  <testcase name="getBody_string" time="0.715" classname="restAssred_reqres_Tests.Test_Get_userList"/>
  <testcase name="getEncoding_type" time="0.000" classname="restAssred_reqres_Tests.Test_Get_userList"/>
  <testcase name="getStatus_code" time="0.010" classname="restAssred_reqres_Tests.Test_Get_userList"/>
  <testcase name="getResponstime" time="0.000" classname="restAssred_reqres_Tests.Test_Get_userList"/>
  <testcase name="getServer_type" time="0.000" classname="restAssred_reqres_Tests.Test_Get_userList"/>
  <testcase name="getContent_length" time="0.001" classname="restAssred_reqres_Tests.Test_Get_userList"/>
  <testcase name="getStatus" time="0.000" classname="restAssred_reqres_Tests.Test_Get_userList"/>
  <testcase name="getContentType" time="0.000" classname="restAssred_reqres_Tests.Test_Get_userList"/>
</testsuite> <!-- restAssred_reqres_Tests.Test_Get_userList -->
