<?xml version="1.0" encoding="UTF-8"?>
<!-- Generated by org.testng.reporters.JUnitReportReporter -->
<testsuite hostname="DESKTOP-QRB56CU" name="authentication.BasicaAuth" tests="3" failures="0" timestamp="12 Feb 2024 05:02:41 GMT" time="2.872" errors="0">
  <testcase name="basic_auth_premptive" time="0.305" classname="authentication.BasicaAuth"/>
  <testcase name="digest_auth" time="0.362" classname="authentication.BasicaAuth"/>
  <testcase name="basic_auth" time="2.205" classname="authentication.BasicaAuth"/>
</testsuite> <!-- authentication.BasicaAuth -->
