<?xml version="1.0" encoding="UTF-8"?>
<!-- Generated by org.testng.reporters.JUnitReportReporter -->
<testsuite hostname="DESKTOP-QRB56CU" name="restAssredTests.GetExample" tests="1" failures="0" timestamp="19 Dec 2022 03:16:18 GMT" time="2.688" errors="0">
  <testcase name="validate_post_Method" time="2.688" classname="restAssredTests.GetExample"/>
</testsuite> <!-- restAssredTests.GetExample -->
